  Building Custom Rule F:/Developer Crib/GameEngineWorkspace/D3NGINE/luac/CMakeLists.txt
  lapi.c
  lauxlib.c
  lbaselib.c
  lbitlib.c
  lcode.c
  lcorolib.c
  lctype.c
  ldblib.c
  ldebug.c
  ldo.c
  ldump.c
  lfunc.c
  lgc.c
  linit.c
  liolib.c
  llex.c
  lmathlib.c
  lmem.c
  loadlib.c
  lobject.c
  Generating Code...
  Compiling...
  lopcodes.c
  loslib.c
  lparser.c
  lstate.c
  lstring.c
  lstrlib.c
  ltable.c
  ltablib.c
  ltm.c
  luac.c
  lundump.c
  lutf8lib.c
  lvm.c
  lzio.c
  Generating Code...
  luac.vcxproj -> F:\Developer Crib\GameEngineWorkspace\D3NGINE\bin\Windows-AMD64\Release\Debug\luac.lib
