f:\developer crib\gameengineworkspace\d3ngine\luac\luac.dir\debug\luac.pdb
f:\developer crib\gameengineworkspace\d3ngine\luac\luac.dir\debug\lobject.obj
f:\developer crib\gameengineworkspace\d3ngine\luac\luac.dir\debug\loadlib.obj
f:\developer crib\gameengineworkspace\d3ngine\luac\luac.dir\debug\lmem.obj
f:\developer crib\gameengineworkspace\d3ngine\luac\luac.dir\debug\lmathlib.obj
f:\developer crib\gameengineworkspace\d3ngine\luac\luac.dir\debug\llex.obj
f:\developer crib\gameengineworkspace\d3ngine\luac\luac.dir\debug\liolib.obj
f:\developer crib\gameengineworkspace\d3ngine\luac\luac.dir\debug\linit.obj
f:\developer crib\gameengineworkspace\d3ngine\luac\luac.dir\debug\lgc.obj
f:\developer crib\gameengineworkspace\d3ngine\luac\luac.dir\debug\lfunc.obj
f:\developer crib\gameengineworkspace\d3ngine\luac\luac.dir\debug\ldump.obj
f:\developer crib\gameengineworkspace\d3ngine\luac\luac.dir\debug\ldo.obj
f:\developer crib\gameengineworkspace\d3ngine\luac\luac.dir\debug\ldebug.obj
f:\developer crib\gameengineworkspace\d3ngine\luac\luac.dir\debug\ldblib.obj
f:\developer crib\gameengineworkspace\d3ngine\luac\luac.dir\debug\lctype.obj
f:\developer crib\gameengineworkspace\d3ngine\luac\luac.dir\debug\lcorolib.obj
f:\developer crib\gameengineworkspace\d3ngine\luac\luac.dir\debug\lcode.obj
f:\developer crib\gameengineworkspace\d3ngine\luac\luac.dir\debug\lbitlib.obj
f:\developer crib\gameengineworkspace\d3ngine\luac\luac.dir\debug\lbaselib.obj
f:\developer crib\gameengineworkspace\d3ngine\luac\luac.dir\debug\lauxlib.obj
f:\developer crib\gameengineworkspace\d3ngine\luac\luac.dir\debug\lapi.obj
f:\developer crib\gameengineworkspace\d3ngine\luac\luac.dir\debug\lzio.obj
f:\developer crib\gameengineworkspace\d3ngine\luac\luac.dir\debug\lvm.obj
f:\developer crib\gameengineworkspace\d3ngine\luac\luac.dir\debug\lutf8lib.obj
f:\developer crib\gameengineworkspace\d3ngine\luac\luac.dir\debug\lundump.obj
f:\developer crib\gameengineworkspace\d3ngine\luac\luac.dir\debug\luac.obj
f:\developer crib\gameengineworkspace\d3ngine\luac\luac.dir\debug\ltm.obj
f:\developer crib\gameengineworkspace\d3ngine\luac\luac.dir\debug\ltablib.obj
f:\developer crib\gameengineworkspace\d3ngine\luac\luac.dir\debug\ltable.obj
f:\developer crib\gameengineworkspace\d3ngine\luac\luac.dir\debug\lstrlib.obj
f:\developer crib\gameengineworkspace\d3ngine\luac\luac.dir\debug\lstring.obj
f:\developer crib\gameengineworkspace\d3ngine\luac\luac.dir\debug\lstate.obj
f:\developer crib\gameengineworkspace\d3ngine\luac\luac.dir\debug\lparser.obj
f:\developer crib\gameengineworkspace\d3ngine\luac\luac.dir\debug\loslib.obj
f:\developer crib\gameengineworkspace\d3ngine\luac\luac.dir\debug\lopcodes.obj
f:\developer crib\gameengineworkspace\d3ngine\luac\cmakefiles\generate.stamp
f:\developer crib\gameengineworkspace\d3ngine\bin\windows-amd64\release\debug\luac.lib
f:\developer crib\gameengineworkspace\d3ngine\luac\luac.dir\debug\luac.tlog\cl.command.1.tlog
f:\developer crib\gameengineworkspace\d3ngine\luac\luac.dir\debug\luac.tlog\cl.read.1.tlog
f:\developer crib\gameengineworkspace\d3ngine\luac\luac.dir\debug\luac.tlog\cl.write.1.tlog
f:\developer crib\gameengineworkspace\d3ngine\luac\luac.dir\debug\luac.tlog\custombuild.command.1.tlog
f:\developer crib\gameengineworkspace\d3ngine\luac\luac.dir\debug\luac.tlog\custombuild.read.1.tlog
f:\developer crib\gameengineworkspace\d3ngine\luac\luac.dir\debug\luac.tlog\custombuild.write.1.tlog
f:\developer crib\gameengineworkspace\d3ngine\luac\luac.dir\debug\luac.tlog\lib-link.read.1.tlog
f:\developer crib\gameengineworkspace\d3ngine\luac\luac.dir\debug\luac.tlog\lib-link.write.1.tlog
f:\developer crib\gameengineworkspace\d3ngine\luac\luac.dir\debug\luac.tlog\lib.command.1.tlog
