[04:58:57] [info] D3G: GRaphics context
[04:58:57] [debug] D3G: GLAD INIT WITH STATUS CODE: 1
[04:58:57] [info] D3G: Intel GPUOpenGL Version: 2.1.0 - Build 8.15.10.2900 Renderer: Intel(R) HD Graphics
[04:58:57] [info] D3G: attrib location 5 attrib name a_Position 
[04:58:57] [info] D3G: attrib location 0 attrib name a_Color 
[04:58:57] [info] D3G: attrib location 1 attrib name a_TextureCoord 
[04:58:57] [info] D3G: attrib location 2 attrib name a_TextureIdx 
[04:58:57] [info] D3G: attrib location 3 attrib name a_TillingFactor 
[04:58:57] [info] D3G: attrib location 6 attrib name a_PointSize 
[04:58:57] [info] D3G: attrib location 4 attrib name a_Radius 
[04:58:57] [info] D3G: attrib location 5 attrib name a_Position 
[04:58:57] [info] D3G: attrib location 0 attrib name a_Color 
[04:58:57] [info] D3G: attrib location 1 attrib name a_TextureCoord 
[04:58:57] [info] D3G: attrib location 2 attrib name a_TextureIdx 
[04:58:57] [info] D3G: attrib location 3 attrib name a_TillingFactor 
[04:58:57] [info] D3G: attrib location 6 attrib name a_PointSize 
[04:58:57] [info] D3G: attrib location 4 attrib name a_Radius 
[04:58:57] [info] D3G: attrib location 5 attrib name a_Position 
[04:58:57] [info] D3G: attrib location 0 attrib name a_Color 
[04:58:57] [info] D3G: attrib location 1 attrib name a_TextureCoord 
[04:58:57] [info] D3G: attrib location 2 attrib name a_TextureIdx 
[04:58:57] [info] D3G: attrib location 3 attrib name a_TillingFactor 
[04:58:57] [info] D3G: attrib location 6 attrib name a_PointSize 
[04:58:57] [info] D3G: attrib location 4 attrib name a_Radius 
[04:58:57] [info] D3G: attrib location 5 attrib name a_Position 
[04:58:57] [info] D3G: attrib location 0 attrib name a_Color 
[04:58:57] [info] D3G: attrib location 1 attrib name a_TextureCoord 
[04:58:57] [info] D3G: attrib location 2 attrib name a_TextureIdx 
[04:58:57] [info] D3G: attrib location 3 attrib name a_TillingFactor 
[04:58:57] [info] D3G: attrib location 6 attrib name a_PointSize 
[04:58:57] [info] D3G: attrib location 4 attrib name a_Radius 
[04:58:57] [info] D3G: Raw image data 1 1
[04:58:57] [info] D3G: APP iniT
[04:58:57] [debug] D3G: Colors from Lua ( 0.23, 0.94, 0 )
[04:58:57] [info] D3G: Data 128 128 4 res/images/logo.png
[04:58:57] [info] D3G: image dada 32856 6408
